<?xml version="1.0" encoding="UTF-8" standalone="yes" ?>
<test-results name="C:\lixo\embarcadero-conference\test\Win32\Debug\CleanArch_EmbrConf.main.test.exe" total="3" errors="2" failures="0" ignored="0" inconclusive="0" not-run="0" skipped="0" invalid="0" date="2021-10-21" time="4.336">
  <culture-info current-culture="en" current-uiculture="en" />
  <test-suite type="Assembly" name="CleanArch_EmbrConf.main.test.exe" executed="true" result="Failure" success="False" time="4.336" asserts="0">
    <results>
        <test-suite type="Namespace" name="CleanArch_EmbrConf" executed="true" result="Success" success="True" time="4.336" asserts="0" >
          <results>
              <test-suite type="Fixture" name="TMyTestObject" executed="True" result="Success" success="True" time="4.336" >
                <results>
                  <test-case name="ShouldEnterParkingLot" executed="True" result="Error" success="False" time="3.172" asserts="0" >
                    <failure>
                      <message>
                        <![CDATA[ The parking lot is full ]]>
                      </message>
                      <stack-trace>
                        <![CDATA[  ]]>
                      </stack-trace>
                    </failure>
                  </test-case>
                  <test-case name="ShoudGetParkingLot" executed="True" result="Success" success="True" time="0.000" asserts="0" />
                  <test-case name="ShoudlBeClosed" executed="True" result="Error" success="False" time="1.035" asserts="0" >
                    <failure>
                      <message>
                        <![CDATA[ The parking lot is full ]]>
                      </message>
                      <stack-trace>
                        <![CDATA[  ]]>
                      </stack-trace>
                    </failure>
                  </test-case>
                </results>
              </test-suite>
          </results>
        </test-suite>
    </results>
  </test-suite>
</test-results>
